<?xml version="1.0" encoding="UTF-8"?>
<!-- Generated by org.testng.reporters.JUnitReportReporter -->
<testsuite hostname="SURYAKISHORE" name="framework.Testng" tests="2" failures="0" timestamp="29 Apr 2020 09:04:05 GMT" time="0.016" errors="0">
  <testcase name="login" time="0.016" classname="framework.Testng"/>
  <testcase name="logout" time="0.000" classname="framework.Testng"/>
</testsuite> <!-- framework.Testng -->
