<?xml version="1.0" encoding="UTF-8"?>
<!-- Generated by org.testng.reporters.JUnitReportReporter -->
<testsuite hostname="SURYAKISHORE" name="framework.Dragdrop" tests="1" failures="0" timestamp="30 Apr 2020 17:47:47 GMT" time="14.635" errors="0">
  <testcase name="testDragDrop" time="14.635" classname="framework.Dragdrop"/>
</testsuite> <!-- framework.Dragdrop -->
