<?xml version="1.0" encoding="UTF-8"?>
<!-- Generated by org.testng.reporters.JUnitReportReporter -->
<testsuite hostname="SURYAKISHORE" name="framework.Tc_006" tests="1" failures="0" timestamp="5 May 2020 10:51:59 GMT" time="60.364" errors="0">
  <testcase name="tc_006" time="60.364" classname="framework.Tc_006"/>
</testsuite> <!-- framework.Tc_006 -->
