<?xml version="1.0" encoding="UTF-8"?>
<!-- Generated by org.testng.reporters.JUnitReportReporter -->
<testsuite hostname="SURYAKISHORE" name="framework.Tc_004" tests="1" failures="0" timestamp="5 May 2020 10:51:59 GMT" time="36.444" errors="0">
  <testcase name="tc_004" time="36.444" classname="framework.Tc_004"/>
</testsuite> <!-- framework.Tc_004 -->
