<?xml version="1.0" encoding="UTF-8"?>
<!-- Generated by org.testng.reporters.JUnitReportReporter -->
<testsuite hostname="SURYAKISHORE" name="framework.Tc_005" tests="1" failures="0" timestamp="5 May 2020 10:51:59 GMT" time="35.401" errors="0">
  <testcase name="tc_005" time="35.401" classname="framework.Tc_005"/>
</testsuite> <!-- framework.Tc_005 -->
