<?xml version="1.0" encoding="UTF-8"?>
<!-- Generated by org.testng.reporters.JUnitReportReporter -->
<testsuite hostname="SURYAKISHORE" name="framework.Tc_wbtestng" tests="1" failures="0" timestamp="29 Apr 2020 13:52:20 GMT" time="3.548" errors="0">
  <testcase name="tc001" time="3.548" classname="framework.Tc_wbtestng"/>
</testsuite> <!-- framework.Tc_wbtestng -->
