<?xml version="1.0" encoding="UTF-8"?>
<!-- Generated by org.testng.reporters.JUnitReportReporter -->
<testsuite hostname="SURYAKISHORE" name="framework.Screenshot" tests="1" failures="0" timestamp="30 Apr 2020 17:33:19 GMT" time="6.924" errors="0">
  <testcase name="screenshot" time="6.924" classname="framework.Screenshot"/>
</testsuite> <!-- framework.Screenshot -->
