<?xml version="1.0" encoding="UTF-8"?>
<!-- Generated by org.testng.reporters.JUnitReportReporter -->
<testsuite hostname="SURYAKISHORE" name="framework.Excel_wd" tests="1" failures="0" timestamp="2 May 2020 17:17:25 GMT" time="9.067" errors="0">
  <testcase name="login" time="9.067" classname="framework.Excel_wd"/>
</testsuite> <!-- framework.Excel_wd -->
